[2019-10-07 14:28:32.599] [exthost] [info] extension host started
[2019-10-07 14:28:32.613] [exthost] [info] ExtensionService#_doActivateExtension vscode.debug-auto-launch {"startup":true,"activationEvent":"*"}
[2019-10-07 14:28:32.613] [exthost] [info] ExtensionService#loadCommonJSModule file:///snap/code/15/usr/share/code/resources/app/extensions/debug-auto-launch/dist/extension
[2019-10-07 14:28:32.616] [exthost] [info] ExtensionService#_doActivateExtension vscode.emmet {"startup":true,"activationEvent":"*"}
[2019-10-07 14:28:32.616] [exthost] [info] ExtensionService#loadCommonJSModule file:///snap/code/15/usr/share/code/resources/app/extensions/emmet/dist/extension
[2019-10-07 14:28:32.667] [exthost] [info] ExtensionService#_doActivateExtension vscode.git {"startup":true,"activationEvent":"*"}
[2019-10-07 14:28:32.667] [exthost] [info] ExtensionService#loadCommonJSModule file:///snap/code/15/usr/share/code/resources/app/extensions/git/dist/main
[2019-10-07 14:28:32.772] [exthost] [info] ExtensionService#_doActivateExtension vscode.merge-conflict {"startup":true,"activationEvent":"*"}
[2019-10-07 14:28:32.772] [exthost] [info] ExtensionService#loadCommonJSModule file:///snap/code/15/usr/share/code/resources/app/extensions/merge-conflict/dist/extension
[2019-10-07 14:28:32.781] [exthost] [info] ExtensionService#_doActivateExtension dbaeumer.vscode-eslint {"startup":true,"activationEvent":"*"}
[2019-10-07 14:28:32.781] [exthost] [info] ExtensionService#loadCommonJSModule file:///home/daniel/.vscode/extensions/dbaeumer.vscode-eslint-1.9.1/client/out/extension
[2019-10-07 14:28:32.840] [exthost] [info] ExtensionService#_doActivateExtension EditorConfig.EditorConfig {"startup":true,"activationEvent":"*"}
[2019-10-07 14:28:32.840] [exthost] [info] ExtensionService#loadCommonJSModule file:///home/daniel/.vscode/extensions/editorconfig.editorconfig-0.13.0/out/src/editorConfigMain
[2019-10-07 14:28:32.875] [exthost] [info] ExtensionService#_doActivateExtension esbenp.prettier-vscode {"startup":true,"activationEvent":"*"}
[2019-10-07 14:28:32.875] [exthost] [info] ExtensionService#loadCommonJSModule file:///home/daniel/.vscode/extensions/esbenp.prettier-vscode-2.3.0/out/extension
[2019-10-07 14:28:33.132] [exthost] [info] ExtensionService#_doActivateExtension naumovs.color-highlight {"startup":true,"activationEvent":"*"}
[2019-10-07 14:28:33.132] [exthost] [info] ExtensionService#loadCommonJSModule file:///home/daniel/.vscode/extensions/naumovs.color-highlight-2.3.0/dist/extension
[2019-10-07 14:28:33.180] [exthost] [info] ExtensionService#_doActivateExtension vscode-icons-team.vscode-icons {"startup":true,"activationEvent":"*"}
[2019-10-07 14:28:33.180] [exthost] [info] ExtensionService#loadCommonJSModule file:///home/daniel/.vscode/extensions/vscode-icons-team.vscode-icons-9.4.0/dist/src/vscode-icons.bundle.js
[2019-10-07 14:28:33.363] [exthost] [info] eager extensions activated
